<?xml version="1.0" encoding="UTF-8"?>
<!-- Generated by org.testng.reporters.JUnitReportReporter -->
<testsuite hostname="LAPTOP-TU9KCJFH" failures="0" tests="2" name="test2.Ktest$Test23" time="0.001" errors="0" timestamp="2024-05-15T12:31:56 IST" skipped="0">
  <testcase classname="test2.Ktest$Test23" name="test26test" time="0.000"/>
  <testcase classname="test2.Ktest$Test23" name="test25test" time="0.001"/>
</testsuite> <!-- test2.Ktest$Test23 -->
