<?xml version="1.0" encoding="UTF-8"?>
<!-- Generated by org.testng.reporters.JUnitReportReporter -->
<testsuite hostname="LAPTOP-TU9KCJFH" failures="0" tests="2" name="test1.Test23" time="0.013" errors="0" timestamp="2024-05-15T12:43:31 IST" skipped="0">
  <testcase classname="test1.Test23" name="test25test" time="0.012"/>
  <testcase classname="test1.Test23" name="test26test" time="0.001"/>
</testsuite> <!-- test1.Test23 -->
